TN:Deployment
SF:/home/brothers/Projects/Clarity/counter/contracts/counter.clar
FN:15,get-count
FN:18,count-up
FNF:2
FNH:0
end_of_record
TN:count-up counts up for the tx-sender
SF:/home/brothers/Projects/Clarity/counter/contracts/counter.clar
FN:15,get-count
FN:18,count-up
FNDA:1,count-up
FNDA:1,get-count
FNF:2
FNH:2
DA:16,4
DA:20,7
end_of_record
TN:counters are specific to the tx-sender
SF:/home/brothers/Projects/Clarity/counter/contracts/counter.clar
FN:15,get-count
FN:18,count-up
FNDA:3,count-up
FNDA:3,get-count
FNF:2
FNH:2
DA:16,12
DA:20,21
end_of_record
TN:readonly-calls
SF:/home/brothers/Projects/Clarity/counter/contracts/counter.clar
FN:15,get-count
FN:18,count-up
FNDA:5,get-count
FNF:2
FNH:1
DA:16,20
DA:20,0
end_of_record
